<?xml version="1.0" encoding="UTF-8"?>
<!-- Generated by org.testng.reporters.JUnitReportReporter -->
<testsuite hostname="f43ced4accc65df" failures="0" tests="1" name="ustbatchno3.TestNG.ConstructionSamudhraTest" time="0.023" errors="0" timestamp="2023-03-13T15:50:47 IST" skipped="0">
  <testcase classname="ustbatchno3.TestNG.ConstructionSamudhraTest" name="Construction" time="0.023"/>
  <system-out/>
</testsuite> <!-- ustbatchno3.TestNG.ConstructionSamudhraTest -->
